1346684566
JRegistry::__set_state(array(
   'data' => 
  stdClass::__set_state(array(
     'lastedit' => '1346684463',
     'theme' => 'aqua',
     'ImageWidth' => 775,
     'ImageHeight' => 377,
     'ImageEffect' => 'basic',
     'SlideshowDuration' => 9,
     'SlideshowDelay' => 25,
     'item_dir' => 'babyslide',
     'item_path' => '',
     'item_title' => '',
     'item_description' => '',
     'item_url' => '',
     'item_target' => '_blank',
     'AutoPlay' => 'true',
     'StopOnHover' => 'false',
     'OneLoop' => 'false',
     'Captions' => 'true',
     'Controls' => 'true',
     'ShowBullets' => 'false',
     'ShowTooltips' => 'false',
     'prevCaption' => '',
     'nextCaption' => '',
     'moduleclass_sfx' => '_none',
     'cache' => '1',
     'cache_time' => '900',
     'cachemode' => 'static',
     'jquery_source' => 'local',
     'jquery_version' => 'latest',
     'AppName' => 'Vinaora Nice Slideshow',
     'AppVersion' => '2.5.0',
     'GallerySuffix' => '99',
     'configPath' => 'C:\\wamp\\www\\thang9\\babyshop2\\media\\mod_vt_nice_slideshow\\config\\99',
     'ImgPath' => '/thang9/babyshop2/media/mod_vt_nice_slideshow/config/99',
     'backMarginsLeft' => 0,
     'backMarginsTop' => 0,
     'backMarginsRight' => 0,
     'backMarginsBottom' => 0,
     'Border' => 'none',
     'noFrame' => 'true',
     'TooltipPos' => 'top',
     'JSONList' => 0,
     'ImageFillColor' => '255,255,255',
     'PageBgColor' => '#d7d7d7',
  )),
))